\BOOKMARK [0][-]{chapter*.1}{Abstract}{}% 1
\BOOKMARK [0][-]{chapter*.2}{Sommario}{}% 2
\BOOKMARK [0][-]{chapter.1}{Introduction}{}% 3
\BOOKMARK [0][-]{chapter.2}{Electrocardiography overview}{}% 4
\BOOKMARK [1][-]{section.2.1}{The heart}{chapter.2}% 5
\BOOKMARK [2][-]{subsection.2.1.1}{Human heart structure}{section.2.1}% 6
\BOOKMARK [2][-]{subsection.2.1.2}{Human heart function}{section.2.1}% 7
\BOOKMARK [1][-]{section.2.2}{Heart electrical activity}{chapter.2}% 8
\BOOKMARK [1][-]{section.2.3}{Electrocardiogram}{chapter.2}% 9
\BOOKMARK [2][-]{subsection.2.3.1}{Lead I}{section.2.3}% 10
\BOOKMARK [2][-]{subsection.2.3.2}{Lead II}{section.2.3}% 11
\BOOKMARK [2][-]{subsection.2.3.3}{Lead III}{section.2.3}% 12
\BOOKMARK [2][-]{subsection.2.3.4}{Augmented leads}{section.2.3}% 13
\BOOKMARK [2][-]{subsection.2.3.5}{Precordials leads}{section.2.3}% 14
\BOOKMARK [2][-]{subsection.2.3.6}{How to read a ECG record}{section.2.3}% 15
\BOOKMARK [1][-]{section.2.4}{Noises and interferences}{chapter.2}% 16
\BOOKMARK [2][-]{subsection.2.4.1}{Artifact}{section.2.4}% 17
\BOOKMARK [2][-]{subsection.2.4.2}{Interference}{section.2.4}% 18
\BOOKMARK [2][-]{subsection.2.4.3}{Wandering baseline}{section.2.4}% 19
\BOOKMARK [2][-]{subsection.2.4.4}{Faulty equipment}{section.2.4}% 20
\BOOKMARK [0][-]{chapter.3}{State of Art}{}% 21
\BOOKMARK [1][-]{section.3.1}{Device}{chapter.3}% 22
\BOOKMARK [2][-]{subsection.3.1.1}{Mortara ELI 10 Mobile}{section.3.1}% 23
\BOOKMARK [2][-]{subsection.3.1.2}{Philips DigiTrak XT Holter Recorder}{section.3.1}% 24
\BOOKMARK [2][-]{subsection.3.1.3}{AliveCor ECG}{section.3.1}% 25
\BOOKMARK [2][-]{subsection.3.1.4}{M-Trace \(PC\)Mobile}{section.3.1}% 26
\BOOKMARK [2][-]{subsection.3.1.5}{ECG Expert}{section.3.1}% 27
\BOOKMARK [1][-]{section.3.2}{Mobile application}{chapter.3}% 28
\BOOKMARK [2][-]{subsection.3.2.1}{Visualization only application}{section.3.2}% 29
\BOOKMARK [2][-]{subsection.3.2.2}{Visualization and Analysis}{section.3.2}% 30
\BOOKMARK [0][-]{chapter.4}{Objective}{}% 31
\BOOKMARK [1][-]{section.4.1}{Preface}{chapter.4}% 32
\BOOKMARK [1][-]{section.4.2}{Fully functional medical mobile app as replacement to desktop app}{chapter.4}% 33
\BOOKMARK [0][-]{chapter.5}{Requirement}{}% 34
\BOOKMARK [1][-]{section.5.1}{Functional}{chapter.5}% 35
\BOOKMARK [2][-]{subsection.5.1.1}{Connection management with the acquisition device}{section.5.1}% 36
\BOOKMARK [2][-]{subsection.5.1.2}{Acquisition, storing and management of ECG records}{section.5.1}% 37
\BOOKMARK [2][-]{subsection.5.1.3}{Different ECG formats support}{section.5.1}% 38
\BOOKMARK [2][-]{subsection.5.1.4}{Dynamic display scaling}{section.5.1}% 39
\BOOKMARK [2][-]{subsection.5.1.5}{ECG record analysis integration on mobile platform}{section.5.1}% 40
\BOOKMARK [2][-]{subsection.5.1.6}{Analysis results displaying}{section.5.1}% 41
\BOOKMARK [2][-]{subsection.5.1.7}{Highly parameterizable}{section.5.1}% 42
\BOOKMARK [1][-]{section.5.2}{Nonfunctional}{chapter.5}% 43
\BOOKMARK [2][-]{subsection.5.2.1}{Reduced memory usage}{section.5.2}% 44
\BOOKMARK [2][-]{subsection.5.2.2}{Minimum performance rate and scalability on performance}{section.5.2}% 45
\BOOKMARK [2][-]{subsection.5.2.3}{ Wide platform compatibility and accessibility}{section.5.2}% 46
\BOOKMARK [2][-]{subsection.5.2.4}{Documentation}{section.5.2}% 47
\BOOKMARK [0][-]{chapter.6}{System architecture}{}% 48
\BOOKMARK [1][-]{section.6.1}{Acquisition device}{chapter.6}% 49
\BOOKMARK [2][-]{subsection.6.1.1}{Mobile app}{section.6.1}% 50
\BOOKMARK [0][-]{chapter.7}{Final result}{}% 51
\BOOKMARK [1][-]{section.7.1}{App Screens}{chapter.7}% 52
\BOOKMARK [0][-]{chapter*.33}{Acknowledgement}{}% 53
