This is pdfTeX, Version 3.14159265-2.6-1.40.16 (MiKTeX 2.9) (preloaded format=pdflatex 2016.3.12)  6 APR 2016 15:44
entering extended mode
**./main.tex
(main.tex
LaTeX2e <2015/10/01> patch level 2
Babel <3.9n> and hyphenation patterns for 69 languages loaded.
("C:\Program Files (x86)\MiKTeX 2.9\tex\latex\base\book.cls"
Document Class: book 2014/09/29 v1.4h Standard LaTeX document class
("C:\Program Files (x86)\MiKTeX 2.9\tex\latex\base\bk12.clo"
File: bk12.clo 2014/09/29 v1.4h Standard LaTeX file (size option)
)
\c@part=\count79
\c@chapter=\count80
\c@section=\count81
\c@subsection=\count82
\c@subsubsection=\count83
\c@paragraph=\count84
\c@subparagraph=\count85
\c@figure=\count86
\c@table=\count87
\abovecaptionskip=\skip41
\belowcaptionskip=\skip42
\bibindent=\dimen102
)
("C:\Program Files (x86)\MiKTeX 2.9\tex\generic\babel\babel.sty"
Package: babel 2016/01/08 3.9n The Babel package

*************************************
* Local config file bblopts.cfg used
*
("C:\Program Files (x86)\MiKTeX 2.9\tex\latex\00miktex\bblopts.cfg"
File: bblopts.cfg 2006/07/31 v1.0 MiKTeX 'babel' configuration
)
(C:\Users\Chai\AppData\Roaming\MiKTeX\2.9\tex\latex\babel-italian\italian.ldf
Language: italian 2015/03/26 v1.3n Italian support from the babel system

("C:\Program Files (x86)\MiKTeX 2.9\tex\generic\babel\babel.def"
File: babel.def 2016/01/08 3.9n Babel common definitions
\babel@savecnt=\count88
\U@D=\dimen103
)
\it@lettering=\count89
\it@doublequoteactive=\count90
\it@ISOcompliance=\count91
)
("C:\Program Files (x86)\MiKTeX 2.9\tex\latex\babel-english\english.ldf"
Language: english 2012/08/20 v3.3p English support from the babel system
\l@canadian = a dialect from \language\l@american 
\l@australian = a dialect from \language\l@british 
\l@newzealand = a dialect from \language\l@british 
))
(C:\Users\Chai\AppData\Roaming\MiKTeX\2.9\tex\latex\etoolbox\etoolbox.sty
Package: etoolbox 2015/08/02 v2.2a e-TeX tools for LaTeX (JAW)
\etb@tempcnta=\count92
)
("C:\Program Files (x86)\MiKTeX 2.9\tex\latex\graphics\graphicx.sty"
Package: graphicx 2014/10/28 v1.0g Enhanced LaTeX Graphics (DPC,SPQR)

("C:\Program Files (x86)\MiKTeX 2.9\tex\latex\graphics\keyval.sty"
Package: keyval 2014/10/28 v1.15 key=value parser (DPC)
\KV@toks@=\toks14
)
("C:\Program Files (x86)\MiKTeX 2.9\tex\latex\graphics\graphics.sty"
Package: graphics 2014/10/28 v1.0p Standard LaTeX Graphics (DPC,SPQR)

("C:\Program Files (x86)\MiKTeX 2.9\tex\latex\graphics\trig.sty"
Package: trig 1999/03/16 v1.09 sin cos tan (DPC)
)
("C:\Program Files (x86)\MiKTeX 2.9\tex\latex\00miktex\graphics.cfg"
File: graphics.cfg 2007/01/18 v1.5 graphics configuration of teTeX/TeXLive
)
Package graphics Info: Driver file: pdftex.def on input line 94.

("C:\Program Files (x86)\MiKTeX 2.9\tex\latex\pdftex-def\pdftex.def"
File: pdftex.def 2011/05/27 v0.06d Graphics/color for pdfTeX

("C:\Program Files (x86)\MiKTeX 2.9\tex\generic\oberdiek\infwarerr.sty"
Package: infwarerr 2010/04/08 v1.3 Providing info/warning/error messages (HO)
)
("C:\Program Files (x86)\MiKTeX 2.9\tex\generic\oberdiek\ltxcmds.sty"
Package: ltxcmds 2011/11/09 v1.22 LaTeX kernel commands for general use (HO)
)
\Gread@gobject=\count93
))
\Gin@req@height=\dimen104
\Gin@req@width=\dimen105
)
("C:\Program Files (x86)\MiKTeX 2.9\tex\latex\base\inputenc.sty"
Package: inputenc 2015/03/17 v1.2c Input encoding file
\inpenc@prehook=\toks15
\inpenc@posthook=\toks16

("C:\Program Files (x86)\MiKTeX 2.9\tex\latex\base\utf8.def"
File: utf8.def 2015/09/07 v1.1p UTF-8 support for inputenc
Now handling font encoding OML ...
... no UTF-8 mapping file for font encoding OML
Now handling font encoding T1 ...
... processing UTF-8 mapping file for font encoding T1

("C:\Program Files (x86)\MiKTeX 2.9\tex\latex\base\t1enc.dfu"
File: t1enc.dfu 2015/09/07 v1.1p UTF-8 support for inputenc
   defining Unicode char U+00A0 (decimal 160)
   defining Unicode char U+00A1 (decimal 161)
   defining Unicode char U+00A3 (decimal 163)
   defining Unicode char U+00AB (decimal 171)
   defining Unicode char U+00AD (decimal 173)
   defining Unicode char U+00BB (decimal 187)
   defining Unicode char U+00BF (decimal 191)
   defining Unicode char U+00C0 (decimal 192)
   defining Unicode char U+00C1 (decimal 193)
   defining Unicode char U+00C2 (decimal 194)
   defining Unicode char U+00C3 (decimal 195)
   defining Unicode char U+00C4 (decimal 196)
   defining Unicode char U+00C5 (decimal 197)
   defining Unicode char U+00C6 (decimal 198)
   defining Unicode char U+00C7 (decimal 199)
   defining Unicode char U+00C8 (decimal 200)
   defining Unicode char U+00C9 (decimal 201)
   defining Unicode char U+00CA (decimal 202)
   defining Unicode char U+00CB (decimal 203)
   defining Unicode char U+00CC (decimal 204)
   defining Unicode char U+00CD (decimal 205)
   defining Unicode char U+00CE (decimal 206)
   defining Unicode char U+00CF (decimal 207)
   defining Unicode char U+00D0 (decimal 208)
   defining Unicode char U+00D1 (decimal 209)
   defining Unicode char U+00D2 (decimal 210)
   defining Unicode char U+00D3 (decimal 211)
   defining Unicode char U+00D4 (decimal 212)
   defining Unicode char U+00D5 (decimal 213)
   defining Unicode char U+00D6 (decimal 214)
   defining Unicode char U+00D8 (decimal 216)
   defining Unicode char U+00D9 (decimal 217)
   defining Unicode char U+00DA (decimal 218)
   defining Unicode char U+00DB (decimal 219)
   defining Unicode char U+00DC (decimal 220)
   defining Unicode char U+00DD (decimal 221)
   defining Unicode char U+00DE (decimal 222)
   defining Unicode char U+00DF (decimal 223)
   defining Unicode char U+00E0 (decimal 224)
   defining Unicode char U+00E1 (decimal 225)
   defining Unicode char U+00E2 (decimal 226)
   defining Unicode char U+00E3 (decimal 227)
   defining Unicode char U+00E4 (decimal 228)
   defining Unicode char U+00E5 (decimal 229)
   defining Unicode char U+00E6 (decimal 230)
   defining Unicode char U+00E7 (decimal 231)
   defining Unicode char U+00E8 (decimal 232)
   defining Unicode char U+00E9 (decimal 233)
   defining Unicode char U+00EA (decimal 234)
   defining Unicode char U+00EB (decimal 235)
   defining Unicode char U+00EC (decimal 236)
   defining Unicode char U+00ED (decimal 237)
   defining Unicode char U+00EE (decimal 238)
   defining Unicode char U+00EF (decimal 239)
   defining Unicode char U+00F0 (decimal 240)
   defining Unicode char U+00F1 (decimal 241)
   defining Unicode char U+00F2 (decimal 242)
   defining Unicode char U+00F3 (decimal 243)
   defining Unicode char U+00F4 (decimal 244)
   defining Unicode char U+00F5 (decimal 245)
   defining Unicode char U+00F6 (decimal 246)
   defining Unicode char U+00F8 (decimal 248)
   defining Unicode char U+00F9 (decimal 249)
   defining Unicode char U+00FA (decimal 250)
   defining Unicode char U+00FB (decimal 251)
   defining Unicode char U+00FC (decimal 252)
   defining Unicode char U+00FD (decimal 253)
   defining Unicode char U+00FE (decimal 254)
   defining Unicode char U+00FF (decimal 255)
   defining Unicode char U+0102 (decimal 258)
   defining Unicode char U+0103 (decimal 259)
   defining Unicode char U+0104 (decimal 260)
   defining Unicode char U+0105 (decimal 261)
   defining Unicode char U+0106 (decimal 262)
   defining Unicode char U+0107 (decimal 263)
   defining Unicode char U+010C (decimal 268)
   defining Unicode char U+010D (decimal 269)
   defining Unicode char U+010E (decimal 270)
   defining Unicode char U+010F (decimal 271)
   defining Unicode char U+0110 (decimal 272)
   defining Unicode char U+0111 (decimal 273)
   defining Unicode char U+0118 (decimal 280)
   defining Unicode char U+0119 (decimal 281)
   defining Unicode char U+011A (decimal 282)
   defining Unicode char U+011B (decimal 283)
   defining Unicode char U+011E (decimal 286)
   defining Unicode char U+011F (decimal 287)
   defining Unicode char U+0130 (decimal 304)
   defining Unicode char U+0131 (decimal 305)
   defining Unicode char U+0132 (decimal 306)
   defining Unicode char U+0133 (decimal 307)
   defining Unicode char U+0139 (decimal 313)
   defining Unicode char U+013A (decimal 314)
   defining Unicode char U+013D (decimal 317)
   defining Unicode char U+013E (decimal 318)
   defining Unicode char U+0141 (decimal 321)
   defining Unicode char U+0142 (decimal 322)
   defining Unicode char U+0143 (decimal 323)
   defining Unicode char U+0144 (decimal 324)
   defining Unicode char U+0147 (decimal 327)
   defining Unicode char U+0148 (decimal 328)
   defining Unicode char U+014A (decimal 330)
   defining Unicode char U+014B (decimal 331)
   defining Unicode char U+0150 (decimal 336)
   defining Unicode char U+0151 (decimal 337)
   defining Unicode char U+0152 (decimal 338)
   defining Unicode char U+0153 (decimal 339)
   defining Unicode char U+0154 (decimal 340)
   defining Unicode char U+0155 (decimal 341)
   defining Unicode char U+0158 (decimal 344)
   defining Unicode char U+0159 (decimal 345)
   defining Unicode char U+015A (decimal 346)
   defining Unicode char U+015B (decimal 347)
   defining Unicode char U+015E (decimal 350)
   defining Unicode char U+015F (decimal 351)
   defining Unicode char U+0160 (decimal 352)
   defining Unicode char U+0161 (decimal 353)
   defining Unicode char U+0162 (decimal 354)
   defining Unicode char U+0163 (decimal 355)
   defining Unicode char U+0164 (decimal 356)
   defining Unicode char U+0165 (decimal 357)
   defining Unicode char U+016E (decimal 366)
   defining Unicode char U+016F (decimal 367)
   defining Unicode char U+0170 (decimal 368)
   defining Unicode char U+0171 (decimal 369)
   defining Unicode char U+0174 (decimal 372)
   defining Unicode char U+0175 (decimal 373)
   defining Unicode char U+0176 (decimal 374)
   defining Unicode char U+0177 (decimal 375)
   defining Unicode char U+0178 (decimal 376)
   defining Unicode char U+0179 (decimal 377)
   defining Unicode char U+017A (decimal 378)
   defining Unicode char U+017B (decimal 379)
   defining Unicode char U+017C (decimal 380)
   defining Unicode char U+017D (decimal 381)
   defining Unicode char U+017E (decimal 382)
   defining Unicode char U+0218 (decimal 536)
   defining Unicode char U+0219 (decimal 537)
   defining Unicode char U+021A (decimal 538)
   defining Unicode char U+021B (decimal 539)
   defining Unicode char U+200C (decimal 8204)
   defining Unicode char U+2013 (decimal 8211)
   defining Unicode char U+2014 (decimal 8212)
   defining Unicode char U+2018 (decimal 8216)
   defining Unicode char U+2019 (decimal 8217)
   defining Unicode char U+201A (decimal 8218)
   defining Unicode char U+201C (decimal 8220)
   defining Unicode char U+201D (decimal 8221)
   defining Unicode char U+201E (decimal 8222)
   defining Unicode char U+2030 (decimal 8240)
   defining Unicode char U+2031 (decimal 8241)
   defining Unicode char U+2039 (decimal 8249)
   defining Unicode char U+203A (decimal 8250)
   defining Unicode char U+2423 (decimal 9251)
)
Now handling font encoding OT1 ...
... processing UTF-8 mapping file for font encoding OT1

("C:\Program Files (x86)\MiKTeX 2.9\tex\latex\base\ot1enc.dfu"
File: ot1enc.dfu 2015/09/07 v1.1p UTF-8 support for inputenc
   defining Unicode char U+00A0 (decimal 160)
   defining Unicode char U+00A1 (decimal 161)
   defining Unicode char U+00A3 (decimal 163)
   defining Unicode char U+00AD (decimal 173)
   defining Unicode char U+00B8 (decimal 184)
   defining Unicode char U+00BF (decimal 191)
   defining Unicode char U+00C5 (decimal 197)
   defining Unicode char U+00C6 (decimal 198)
   defining Unicode char U+00D8 (decimal 216)
   defining Unicode char U+00DF (decimal 223)
   defining Unicode char U+00E6 (decimal 230)
   defining Unicode char U+00EC (decimal 236)
   defining Unicode char U+00ED (decimal 237)
   defining Unicode char U+00EE (decimal 238)
   defining Unicode char U+00EF (decimal 239)
   defining Unicode char U+00F8 (decimal 248)
   defining Unicode char U+0131 (decimal 305)
   defining Unicode char U+0141 (decimal 321)
   defining Unicode char U+0142 (decimal 322)
   defining Unicode char U+0152 (decimal 338)
   defining Unicode char U+0153 (decimal 339)
   defining Unicode char U+0174 (decimal 372)
   defining Unicode char U+0175 (decimal 373)
   defining Unicode char U+0176 (decimal 374)
   defining Unicode char U+0177 (decimal 375)
   defining Unicode char U+0218 (decimal 536)
   defining Unicode char U+0219 (decimal 537)
   defining Unicode char U+021A (decimal 538)
   defining Unicode char U+021B (decimal 539)
   defining Unicode char U+2013 (decimal 8211)
   defining Unicode char U+2014 (decimal 8212)
   defining Unicode char U+2018 (decimal 8216)
   defining Unicode char U+2019 (decimal 8217)
   defining Unicode char U+201C (decimal 8220)
   defining Unicode char U+201D (decimal 8221)
)
Now handling font encoding OMS ...
... processing UTF-8 mapping file for font encoding OMS

("C:\Program Files (x86)\MiKTeX 2.9\tex\latex\base\omsenc.dfu"
File: omsenc.dfu 2015/09/07 v1.1p UTF-8 support for inputenc
   defining Unicode char U+00A7 (decimal 167)
   defining Unicode char U+00B6 (decimal 182)
   defining Unicode char U+00B7 (decimal 183)
   defining Unicode char U+2020 (decimal 8224)
   defining Unicode char U+2021 (decimal 8225)
   defining Unicode char U+2022 (decimal 8226)
)
Now handling font encoding OMX ...
... no UTF-8 mapping file for font encoding OMX
Now handling font encoding U ...
... no UTF-8 mapping file for font encoding U
   defining Unicode char U+00A9 (decimal 169)
   defining Unicode char U+00AA (decimal 170)
   defining Unicode char U+00AE (decimal 174)
   defining Unicode char U+00BA (decimal 186)
   defining Unicode char U+02C6 (decimal 710)
   defining Unicode char U+02DC (decimal 732)
   defining Unicode char U+200C (decimal 8204)
   defining Unicode char U+2026 (decimal 8230)
   defining Unicode char U+2122 (decimal 8482)
   defining Unicode char U+2423 (decimal 9251)
))
(C:\Users\Chai\AppData\Roaming\MiKTeX\2.9\tex\latex\sidecap\sidecap.sty
Package: sidecap 2003/06/06 v1.6f SideCap Package (RN/HjG)

("C:\Program Files (x86)\MiKTeX 2.9\tex\latex\base\ifthen.sty"
Package: ifthen 2014/09/29 v1.1c Standard LaTeX ifthen package (DPC)
)
\SC@BOXWD=\dimen106
\SC@CAPWD=\dimen107
\SC@tempdima=\dimen108
\SC@tempdimb=\dimen109
\c@SC@C=\count94
\SC@BOX=\box26
)
(C:\Users\Chai\AppData\Roaming\MiKTeX\2.9\tex\latex\url\url.sty
\Urlmuskip=\muskip10
Package: url 2013/09/16  ver 3.4  Verb mode for urls, etc.
)
("C:\Program Files (x86)\MiKTeX 2.9\tex\latex\amsfonts\amssymb.sty"
Package: amssymb 2013/01/14 v3.01 AMS font symbols

("C:\Program Files (x86)\MiKTeX 2.9\tex\latex\amsfonts\amsfonts.sty"
Package: amsfonts 2013/01/14 v3.01 Basic AMSFonts support
\@emptytoks=\toks17
\symAMSa=\mathgroup4
\symAMSb=\mathgroup5
LaTeX Font Info:    Overwriting math alphabet `\mathfrak' in version `bold'
(Font)                  U/euf/m/n --> U/euf/b/n on input line 106.
))
("C:\Program Files (x86)\MiKTeX 2.9\tex\latex\eurosym\eurosym.sty"
Package: eurosym 1998/08/06 v1.1 European currency symbol ``Euro''
\@eurobox=\box27
)
(C:\Users\Chai\AppData\Roaming\MiKTeX\2.9\tex\latex\subfig\subfig.sty
Package: subfig 2005/06/28 ver: 1.3 subfig package

(C:\Users\Chai\AppData\Roaming\MiKTeX\2.9\tex\latex\caption\caption.sty
Package: caption 2016/02/21 v3.3-144 Customizing captions (AR)

(C:\Users\Chai\AppData\Roaming\MiKTeX\2.9\tex\latex\caption\caption3.sty
Package: caption3 2016/02/04 v1.7-139 caption3 kernel (AR)
Package caption3 Info: TeX engine: e-TeX on input line 67.
\captionmargin=\dimen110
\captionmargin@=\dimen111
\captionwidth=\dimen112
\caption@tempdima=\dimen113
\caption@indent=\dimen114
\caption@parindent=\dimen115
\caption@hangindent=\dimen116
)
\c@ContinuedFloat=\count95
Package caption Info: sidecap package is loaded.
)
\c@KVtest=\count96
\sf@farskip=\skip43
\sf@captopadj=\dimen117
\sf@capskip=\skip44
\sf@nearskip=\skip45
\c@subfigure=\count97
\c@subfigure@save=\count98
\c@lofdepth=\count99
\c@subtable=\count100
\c@subtable@save=\count101
\c@lotdepth=\count102
\sf@top=\skip46
\sf@bottom=\skip47
)
("C:\Program Files (x86)\MiKTeX 2.9\tex\latex\tools\enumerate.sty"
Package: enumerate 2015/07/23 v3.00 enumerate extensions (DPC)
\@enLab=\toks18
)
(C:\Users\Chai\AppData\Roaming\MiKTeX\2.9\tex\latex\xtab\xtab.sty
Package: xtab 2011/07/31 v2.3f Extended supertabular package
\c@tracingst=\count103
\PWSTcapht=\dimen118
\ST@wd=\dimen119
\ST@rightskip=\skip48
\ST@leftskip=\skip49
\ST@parfillskip=\skip50
\c@PWSTtable=\count104
\PWSTlastpage=\count105
\PWSTpenultimate=\count106
\PWSTcurpage=\count107
\PWSTtempc=\count108
\PWSTlines=\count109
\PWST@lastht=\dimen120
\PWST@generalht=\dimen121
\PWST@ht=\dimen122
\ST@pageleft=\dimen123
\ST@headht=\dimen124
\ST@tailht=\dimen125
\ST@pagesofar=\dimen126
\ST@pboxht=\dimen127
\ST@lineht=\dimen128
\ST@stretchht=\dimen129
\ST@prevht=\dimen130
\ST@toadd=\dimen131
\ST@dimen=\dimen132
\ST@pbox=\box28
)
(C:\Users\Chai\AppData\Roaming\MiKTeX\2.9\tex\latex\fancyvrb\fancyvrb.sty
Package: fancyvrb 2008/02/07

Style option: `fancyvrb' v2.7a, with DG/SPQR fixes, and firstline=lastline fix 
<2008/02/07> (tvz)
\FV@CodeLineNo=\count110
\FV@InFile=\read1
\FV@TabBox=\box29
\c@FancyVerbLine=\count111
\FV@StepNumber=\count112
\FV@OutFile=\write3
)
(C:\Users\Chai\AppData\Roaming\MiKTeX\2.9\tex\latex\mdwtools\sverb.sty
Package: sverb 1996/05/08 1.3 Verbatim typesetting
\svtab=\dimen133
\listingindent=\dimen134
\sv@writefile=\write4
\sv@nestcount=\count113
)
(C:\Users\Chai\AppData\Roaming\MiKTeX\2.9\tex\latex\comment\comment.sty
\CommentStream=\write5

Excluding comment 'comment')
(C:\Users\Chai\AppData\Roaming\MiKTeX\2.9\tex\latex\booktabs\booktabs.sty
Package: booktabs 2005/04/14 v1.61803 publication quality tables
\heavyrulewidth=\dimen135
\lightrulewidth=\dimen136
\cmidrulewidth=\dimen137
\belowrulesep=\dimen138
\belowbottomsep=\dimen139
\aboverulesep=\dimen140
\abovetopsep=\dimen141
\cmidrulesep=\dimen142
\cmidrulekern=\dimen143
\defaultaddspace=\dimen144
\@cmidla=\count114
\@cmidlb=\count115
\@aboverulesep=\dimen145
\@belowrulesep=\dimen146
\@thisruleclass=\count116
\@lastruleclass=\count117
\@thisrulewidth=\dimen147
)
("C:\Program Files (x86)\MiKTeX 2.9\tex\latex\amsmath\amsmath.sty"
Package: amsmath 2013/01/14 v2.14 AMS math features
\@mathmargin=\skip51

For additional information on amsmath, use the `?' option.
("C:\Program Files (x86)\MiKTeX 2.9\tex\latex\amsmath\amstext.sty"
Package: amstext 2000/06/29 v2.01

("C:\Program Files (x86)\MiKTeX 2.9\tex\latex\amsmath\amsgen.sty"
File: amsgen.sty 1999/11/30 v2.0
\@emptytoks=\toks19
\ex@=\dimen148
))
("C:\Program Files (x86)\MiKTeX 2.9\tex\latex\amsmath\amsbsy.sty"
Package: amsbsy 1999/11/29 v1.2d
\pmbraise@=\dimen149
)
("C:\Program Files (x86)\MiKTeX 2.9\tex\latex\amsmath\amsopn.sty"
Package: amsopn 1999/12/14 v2.01 operator names
)
\inf@bad=\count118
LaTeX Info: Redefining \frac on input line 210.
\uproot@=\count119
\leftroot@=\count120
LaTeX Info: Redefining \overline on input line 306.
\classnum@=\count121
\DOTSCASE@=\count122
LaTeX Info: Redefining \ldots on input line 378.
LaTeX Info: Redefining \dots on input line 381.
LaTeX Info: Redefining \cdots on input line 466.
\Mathstrutbox@=\box30
\strutbox@=\box31
\big@size=\dimen150
LaTeX Font Info:    Redeclaring font encoding OML on input line 566.
LaTeX Font Info:    Redeclaring font encoding OMS on input line 567.
\macc@depth=\count123
\c@MaxMatrixCols=\count124
\dotsspace@=\muskip11
\c@parentequation=\count125
\dspbrk@lvl=\count126
\tag@help=\toks20
\row@=\count127
\column@=\count128
\maxfields@=\count129
\andhelp@=\toks21
\eqnshift@=\dimen151
\alignsep@=\dimen152
\tagshift@=\dimen153
\tagwidth@=\dimen154
\totwidth@=\dimen155
\lineht@=\dimen156
\@envbody=\toks22
\multlinegap=\skip52
\multlinetaggap=\skip53
\mathdisplay@stack=\toks23
LaTeX Info: Redefining \[ on input line 2665.
LaTeX Info: Redefining \] on input line 2666.
)
("C:\Program Files (x86)\MiKTeX 2.9\tex\latex\multirow\multirow.sty"
\bigstrutjot=\dimen157
)
("C:\Program Files (x86)\MiKTeX 2.9\tex\latex\tools\longtable.sty"
Package: longtable 2014/10/28 v4.11 Multi-page Table package (DPC)
\LTleft=\skip54
\LTright=\skip55
\LTpre=\skip56
\LTpost=\skip57
\LTchunksize=\count130
\LTcapwidth=\dimen158
\LT@head=\box32
\LT@firsthead=\box33
\LT@foot=\box34
\LT@lastfoot=\box35
\LT@cols=\count131
\LT@rows=\count132
\c@LT@tables=\count133
\c@LT@chunks=\count134
\LT@p@ftn=\toks24
)
("C:\Program Files (x86)\MiKTeX 2.9\tex\latex\graphics\color.sty"
Package: color 2014/10/28 v1.1a Standard LaTeX Color (DPC)

("C:\Program Files (x86)\MiKTeX 2.9\tex\latex\00miktex\color.cfg"
File: color.cfg 2007/01/18 v1.5 color configuration of teTeX/TeXLive
)
Package color Info: Driver file: pdftex.def on input line 142.
)
(C:\Users\Chai\AppData\Roaming\MiKTeX\2.9\tex\latex\microtype\microtype.sty
Package: microtype 2013/05/23 v2.5a Micro-typographical refinements (RS)
\MT@toks=\toks25
\MT@count=\count135
LaTeX Info: Redefining \textls on input line 766.
\MT@outer@kern=\dimen159
LaTeX Info: Redefining \textmicrotypecontext on input line 1285.
\MT@listname@count=\count136

(C:\Users\Chai\AppData\Roaming\MiKTeX\2.9\tex\latex\microtype\microtype-pdftex.
def
File: microtype-pdftex.def 2013/05/23 v2.5a Definitions specific to pdftex (RS)

LaTeX Info: Redefining \lsstyle on input line 915.
LaTeX Info: Redefining \lslig on input line 915.
\MT@outer@space=\skip58
)
Package microtype Info: Loading configuration file microtype.cfg.

(C:\Users\Chai\AppData\Roaming\MiKTeX\2.9\tex\latex\microtype\microtype.cfg
File: microtype.cfg 2013/05/23 v2.5a microtype main configuration file (RS)
))
(C:\Users\Chai\AppData\Roaming\MiKTeX\2.9\tex\latex\algorithms\algorithm.sty
Package: algorithm 2009/08/24 v0.1 Document Style `algorithm' - floating enviro
nment

("C:\Program Files (x86)\MiKTeX 2.9\tex\latex\float\float.sty"
Package: float 2001/11/08 v1.3d Float enhancements (AL)
\c@float@type=\count137
\float@exts=\toks26
\float@box=\box36
\@float@everytoks=\toks27
\@floatcapt=\box37
)
\@float@every@algorithm=\toks28
\c@algorithm=\count138
)
(C:\Users\Chai\AppData\Roaming\MiKTeX\2.9\tex\latex\algorithmicx\algpseudocode.
sty
Package: algpseudocode 

(C:\Users\Chai\AppData\Roaming\MiKTeX\2.9\tex\latex\algorithmicx\algorithmicx.s
ty
Package: algorithmicx 2005/04/27 v1.2 Algorithmicx

Document Style algorithmicx 1.2 - a greatly improved `algorithmic' style
\c@ALG@line=\count139
\c@ALG@rem=\count140
\c@ALG@nested=\count141
\ALG@tlm=\skip59
\ALG@thistlm=\skip60
\c@ALG@Lnr=\count142
\c@ALG@blocknr=\count143
\c@ALG@storecount=\count144
\c@ALG@tmpcounter=\count145
\ALG@tmplength=\skip61
)
Document Style - pseudocode environments for use with the `algorithmicx' style
) (C:\Users\Chai\AppData\Roaming\MiKTeX\2.9\tex\latex\natbib\natbib.sty
Package: natbib 2010/09/13 8.31b (PWD, AO)
\bibhang=\skip62
\bibsep=\skip63
LaTeX Info: Redefining \cite on input line 694.
\c@NAT@ctr=\count146
)
("C:\Program Files (x86)\MiKTeX 2.9\tex\latex\oberdiek\epstopdf.sty"
Package: epstopdf 2010/02/09 v2.5 Conversion with epstopdf on the fly (HO)

("C:\Program Files (x86)\MiKTeX 2.9\tex\latex\oberdiek\epstopdf-base.sty"
Package: epstopdf-base 2010/02/09 v2.5 Base part for package epstopdf

("C:\Program Files (x86)\MiKTeX 2.9\tex\latex\oberdiek\grfext.sty"
Package: grfext 2010/08/19 v1.1 Manage graphics extensions (HO)

("C:\Program Files (x86)\MiKTeX 2.9\tex\generic\oberdiek\kvdefinekeys.sty"
Package: kvdefinekeys 2011/04/07 v1.3 Define keys (HO)
))
("C:\Program Files (x86)\MiKTeX 2.9\tex\latex\oberdiek\kvoptions.sty"
Package: kvoptions 2011/06/30 v3.11 Key value format for package options (HO)

("C:\Program Files (x86)\MiKTeX 2.9\tex\generic\oberdiek\kvsetkeys.sty"
Package: kvsetkeys 2012/04/25 v1.16 Key value parser (HO)

("C:\Program Files (x86)\MiKTeX 2.9\tex\generic\oberdiek\etexcmds.sty"
Package: etexcmds 2011/02/16 v1.5 Avoid name clashes with e-TeX commands (HO)

("C:\Program Files (x86)\MiKTeX 2.9\tex\generic\oberdiek\ifluatex.sty"
Package: ifluatex 2010/03/01 v1.3 Provides the ifluatex switch (HO)
Package ifluatex Info: LuaTeX not detected.
)
Package etexcmds Info: Could not find \expanded.
(etexcmds)             That can mean that you are not using pdfTeX 1.50 or
(etexcmds)             that some package has redefined \expanded.
(etexcmds)             In the latter case, load this package earlier.
)))
("C:\Program Files (x86)\MiKTeX 2.9\tex\generic\oberdiek\pdftexcmds.sty"
Package: pdftexcmds 2011/11/29 v0.20 Utility functions of pdfTeX for LuaTeX (HO
)

("C:\Program Files (x86)\MiKTeX 2.9\tex\generic\oberdiek\ifpdf.sty"
Package: ifpdf 2011/01/30 v2.3 Provides the ifpdf switch (HO)
Package ifpdf Info: pdfTeX in PDF mode is detected.
)
Package pdftexcmds Info: LuaTeX not detected.
Package pdftexcmds Info: \pdf@primitive is available.
Package pdftexcmds Info: \pdf@ifprimitive is available.
Package pdftexcmds Info: \pdfdraftmode found.
)
Package grfext Info: Graphics extension search list:
(grfext)             [.png,.pdf,.jpg,.mps,.jpeg,.jbig2,.jb2,.PNG,.PDF,.JPG,.JPE
G,.JBIG2,.JB2,.eps]
(grfext)             \AppendGraphicsExtensions on input line 452.
))
("C:\Program Files (x86)\MiKTeX 2.9\tex\latex\hyperref\hyperref.sty"
Package: hyperref 2012/11/06 v6.83m Hypertext links for LaTeX

("C:\Program Files (x86)\MiKTeX 2.9\tex\generic\oberdiek\hobsub-hyperref.sty"
Package: hobsub-hyperref 2012/04/25 v1.12 Bundle oberdiek, subset hyperref (HO)


("C:\Program Files (x86)\MiKTeX 2.9\tex\generic\oberdiek\hobsub-generic.sty"
Package: hobsub-generic 2012/04/25 v1.12 Bundle oberdiek, subset generic (HO)
Package: hobsub 2012/04/25 v1.12 Construct package bundles (HO)
Package hobsub Info: Skipping package `infwarerr' (already loaded).
Package hobsub Info: Skipping package `ltxcmds' (already loaded).
Package hobsub Info: Skipping package `ifluatex' (already loaded).
Package: ifvtex 2010/03/01 v1.5 Detect VTeX and its facilities (HO)
Package ifvtex Info: VTeX not detected.
Package: intcalc 2007/09/27 v1.1 Expandable calculations with integers (HO)
Package hobsub Info: Skipping package `ifpdf' (already loaded).
Package hobsub Info: Skipping package `etexcmds' (already loaded).
Package hobsub Info: Skipping package `kvsetkeys' (already loaded).
Package hobsub Info: Skipping package `kvdefinekeys' (already loaded).
Package hobsub Info: Skipping package `pdftexcmds' (already loaded).
Package: pdfescape 2011/11/25 v1.13 Implements pdfTeX's escape features (HO)
Package: bigintcalc 2012/04/08 v1.3 Expandable calculations on big integers (HO
)
Package: bitset 2011/01/30 v1.1 Handle bit-vector datatype (HO)
Package: uniquecounter 2011/01/30 v1.2 Provide unlimited unique counter (HO)
)
Package hobsub Info: Skipping package `hobsub' (already loaded).
Package: letltxmacro 2010/09/02 v1.4 Let assignment for LaTeX macros (HO)
Package: hopatch 2011/06/24 v1.1 Wrapper for package hooks (HO)
Package: xcolor-patch 2011/01/30 xcolor patch
Package: atveryend 2011/06/30 v1.8 Hooks at the very end of document (HO)
Package: atbegshi 2011/10/05 v1.16 At begin shipout hook (HO)
Package: refcount 2011/10/16 v3.4 Data extraction from label references (HO)
Package: hycolor 2011/01/30 v1.7 Color options for hyperref/bookmark (HO)
)
("C:\Program Files (x86)\MiKTeX 2.9\tex\generic\ifxetex\ifxetex.sty"
Package: ifxetex 2010/09/12 v0.6 Provides ifxetex conditional
)
("C:\Program Files (x86)\MiKTeX 2.9\tex\latex\oberdiek\auxhook.sty"
Package: auxhook 2011/03/04 v1.3 Hooks for auxiliary files (HO)
)
\@linkdim=\dimen160
\Hy@linkcounter=\count147
\Hy@pagecounter=\count148

("C:\Program Files (x86)\MiKTeX 2.9\tex\latex\hyperref\pd1enc.def"
File: pd1enc.def 2012/11/06 v6.83m Hyperref: PDFDocEncoding definition (HO)
Now handling font encoding PD1 ...
... no UTF-8 mapping file for font encoding PD1
)
\Hy@SavedSpaceFactor=\count149

("C:\Program Files (x86)\MiKTeX 2.9\tex\latex\00miktex\hyperref.cfg"
File: hyperref.cfg 2002/06/06 v1.2 hyperref configuration of TeXLive
)
Package hyperref Info: Hyper figures OFF on input line 4443.
Package hyperref Info: Link nesting OFF on input line 4448.
Package hyperref Info: Hyper index ON on input line 4451.
Package hyperref Info: Plain pages OFF on input line 4458.
Package hyperref Info: Backreferencing OFF on input line 4463.
Package hyperref Info: Implicit mode ON; LaTeX internals redefined.
Package hyperref Info: Bookmarks ON on input line 4688.
\c@Hy@tempcnt=\count150
LaTeX Info: Redefining \url on input line 5041.
\XeTeXLinkMargin=\dimen161
\Fld@menulength=\count151
\Field@Width=\dimen162
\Fld@charsize=\dimen163
Package hyperref Info: Hyper figures OFF on input line 6295.
Package hyperref Info: Link nesting OFF on input line 6300.
Package hyperref Info: Hyper index ON on input line 6303.
Package hyperref Info: backreferencing OFF on input line 6310.
Package hyperref Info: Link coloring OFF on input line 6315.
Package hyperref Info: Link coloring with OCG OFF on input line 6320.
Package hyperref Info: PDF/A mode OFF on input line 6325.
LaTeX Info: Redefining \ref on input line 6365.
LaTeX Info: Redefining \pageref on input line 6369.
\Hy@abspage=\count152
\c@Item=\count153
\c@Hfootnote=\count154
)

Package hyperref Message: Driver: hpdftex.

("C:\Program Files (x86)\MiKTeX 2.9\tex\latex\hyperref\hpdftex.def"
File: hpdftex.def 2012/11/06 v6.83m Hyperref driver for pdfTeX
\Fld@listcount=\count155
\c@bookmark@seq@number=\count156

("C:\Program Files (x86)\MiKTeX 2.9\tex\latex\oberdiek\rerunfilecheck.sty"
Package: rerunfilecheck 2011/04/15 v1.7 Rerun checks for auxiliary files (HO)
Package uniquecounter Info: New unique counter `rerunfilecheck' on input line 2
82.
)
\Hy@SectionHShift=\skip64
)
(C:\Users\Chai\AppData\Roaming\MiKTeX\2.9\tex\latex\listings\listings.sty
\lst@mode=\count157
\lst@gtempboxa=\box38
\lst@token=\toks29
\lst@length=\count158
\lst@currlwidth=\dimen164
\lst@column=\count159
\lst@pos=\count160
\lst@lostspace=\dimen165
\lst@width=\dimen166
\lst@newlines=\count161
\lst@lineno=\count162
\lst@maxwidth=\dimen167

(C:\Users\Chai\AppData\Roaming\MiKTeX\2.9\tex\latex\listings\lstmisc.sty
File: lstmisc.sty 2015/06/04 1.6 (Carsten Heinz)
\c@lstnumber=\count163
\lst@skipnumbers=\count164
\lst@framebox=\box39
)
(C:\Users\Chai\AppData\Roaming\MiKTeX\2.9\tex\latex\listings\listings.cfg
File: listings.cfg 2015/06/04 1.6 listings configuration
))
Package: listings 2015/06/04 1.6 (Carsten Heinz)

(C:\Users\Chai\AppData\Roaming\MiKTeX\2.9\tex\latex\listings\lstlang1.sty
File: lstlang1.sty 2015/06/04 1.6 listings language file
)
Package hyperref Info: Option `colorlinks' set `true' on input line 79.

(C:\Users\Chai\AppData\Roaming\MiKTeX\2.9\tex\latex\fancyhdr\fancyhdr.sty
\fancy@headwidth=\skip65
\f@ncyO@elh=\skip66
\f@ncyO@erh=\skip67
\f@ncyO@olh=\skip68
\f@ncyO@orh=\skip69
\f@ncyO@elf=\skip70
\f@ncyO@erf=\skip71
\f@ncyO@olf=\skip72
\f@ncyO@orf=\skip73
)
("C:\Program Files (x86)\MiKTeX 2.9\tex\latex\tools\tabularx.sty"
Package: tabularx 2014/10/28 v2.10 `tabularx' package (DPC)

("C:\Program Files (x86)\MiKTeX 2.9\tex\latex\tools\array.sty"
Package: array 2014/10/28 v2.4c Tabular extension package (FMi)
\col@sep=\dimen168
\extrarowheight=\dimen169
\NC@list=\toks30
\extratabsurround=\skip74
\backup@length=\skip75
)
\TX@col@width=\dimen170
\TX@old@table=\dimen171
\TX@old@col=\dimen172
\TX@target=\dimen173
\TX@delta=\dimen174
\TX@cols=\count165
\TX@ftn=\toks31
)
(C:\Users\Chai\AppData\Roaming\MiKTeX\2.9\tex\latex\setspace\setspace.sty
Package: setspace 2011/12/19 v6.7a set line spacing
)
(main.aux (Include/cover.aux) (Include/abstract_ENG.aux)
(Include/abstract_ITA.aux) (Include/acknowledgements.aux))
\openout1 = `main.aux'.

LaTeX Font Info:    Checking defaults for OML/cmm/m/it on input line 166.
LaTeX Font Info:    ... okay on input line 166.
LaTeX Font Info:    Checking defaults for T1/cmr/m/n on input line 166.
LaTeX Font Info:    ... okay on input line 166.
LaTeX Font Info:    Checking defaults for OT1/cmr/m/n on input line 166.
LaTeX Font Info:    ... okay on input line 166.
LaTeX Font Info:    Checking defaults for OMS/cmsy/m/n on input line 166.
LaTeX Font Info:    ... okay on input line 166.
LaTeX Font Info:    Checking defaults for OMX/cmex/m/n on input line 166.
LaTeX Font Info:    ... okay on input line 166.
LaTeX Font Info:    Checking defaults for U/cmr/m/n on input line 166.
LaTeX Font Info:    ... okay on input line 166.
LaTeX Font Info:    Checking defaults for PD1/pdf/m/n on input line 166.
LaTeX Font Info:    ... okay on input line 166.
LaTeX Info: Redefining \it@ocap on input line 166.
LaTeX Info: Redefining \it@ccap on input line 166.


File italian.ldf warning: 
italian.ldf    With OT1 encoding guillemets are poorly faked
italian.ldf    Use T1 encoding
italian.ldf    or specify a font with command \CaporaliFrom
italian.ldf    See the documentation concerning the babel-italian typesetting 
italian.ldf    on input line 166.

(C:\Users\Chai\AppData\Roaming\MiKTeX\2.9\tex\context\base\supp-pdf.mkii
[Loading MPS to PDF converter (version 2006.09.02).]
\scratchcounter=\count166
\scratchdimen=\dimen175
\scratchbox=\box40
\nofMPsegments=\count167
\nofMParguments=\count168
\everyMPshowfont=\toks32
\MPscratchCnt=\count169
\MPscratchDim=\dimen176
\MPnumerator=\count170
\makeMPintoPDFobject=\count171
\everyMPtoPDFconversion=\toks33
) (C:\Users\Chai\AppData\Roaming\MiKTeX\2.9\tex\latex\ms\ragged2e.sty
Package: ragged2e 2009/05/21 v2.1 ragged2e Package (MS)

(C:\Users\Chai\AppData\Roaming\MiKTeX\2.9\tex\latex\ms\everysel.sty
Package: everysel 2011/10/28 v1.2 EverySelectfont Package (MS)

ABD: EverySelectfont initializing macros
LaTeX Info: Redefining \selectfont on input line 126.
)
\CenteringLeftskip=\skip76
\RaggedLeftLeftskip=\skip77
\RaggedRightLeftskip=\skip78
\CenteringRightskip=\skip79
\RaggedLeftRightskip=\skip80
\RaggedRightRightskip=\skip81
\CenteringParfillskip=\skip82
\RaggedLeftParfillskip=\skip83
\RaggedRightParfillskip=\skip84
\JustifyingParfillskip=\skip85
\CenteringParindent=\skip86
\RaggedLeftParindent=\skip87
\RaggedRightParindent=\skip88
\JustifyingParindent=\skip89
)
Package caption Info: Begin \AtBeginDocument code.
Package caption Info: subfig package v1.3 is loaded.
Package caption Info: float package is loaded.
Package caption Info: hyperref package is loaded.
Package caption Info: listings package is loaded.
Package caption Info: longtable package is loaded.

(C:\Users\Chai\AppData\Roaming\MiKTeX\2.9\tex\latex\caption\ltcaption.sty
Package: ltcaption 2013/06/09 v1.4-94 longtable captions (AR)
)
Package caption Info: xtab package is loaded.
Package caption Info: End \AtBeginDocument code.
LaTeX Info: Redefining \microtypecontext on input line 166.
Package microtype Info: Generating PDF output.
Package microtype Info: Character protrusion enabled (level 2).
Package microtype Info: Using default protrusion set `alltext'.
Package microtype Info: Automatic font expansion enabled (level 2),
(microtype)             stretch: 20, shrink: 20, step: 1, non-selected.
Package microtype Info: Using default expansion set `basictext'.
Package microtype Info: No adjustment of tracking.
Package microtype Info: No adjustment of interword spacing.
Package microtype Info: No adjustment of character kerning.

(C:\Users\Chai\AppData\Roaming\MiKTeX\2.9\tex\latex\microtype\mt-cmr.cfg
File: mt-cmr.cfg 2013/05/19 v2.2 microtype config. file: Computer Modern Roman 
(RS)
)
\AtBeginShipoutBox=\box41
Package hyperref Info: Link coloring ON on input line 166.

("C:\Program Files (x86)\MiKTeX 2.9\tex\latex\hyperref\nameref.sty"
Package: nameref 2012/10/27 v2.43 Cross-referencing by name of section

("C:\Program Files (x86)\MiKTeX 2.9\tex\generic\oberdiek\gettitlestring.sty"
Package: gettitlestring 2010/12/03 v1.4 Cleanup title references (HO)
)
\c@section@level=\count172
)
LaTeX Info: Redefining \ref on input line 166.
LaTeX Info: Redefining \pageref on input line 166.
LaTeX Info: Redefining \nameref on input line 166.

(main.out) (main.out)
\@outlinefile=\write6
\openout6 = `main.out'.

\c@lstlisting=\count173
\openout2 = `Include/cover.aux'.

 (Include/cover.tex
<figures/polimi_logo.png, id=371, 642.4pt x 401.5pt>
File: figures/polimi_logo.png Graphic file (type png)

<use figures/polimi_logo.png>
Package pdftex.def Info: figures/polimi_logo.png used on input line 10.
(pdftex.def)             Requested size: 199.16928pt x 124.48209pt.
) [1



{C:/Users/Chai/AppData/Local/MiKTeX/2.9/pdftex/config/pdftex.map} <./figures/po
limi_logo.png>] [2

] [3]
\openout2 = `Include/abstract_ENG.aux'.


(Include/abstract_ENG.tex [4


])
Underfull \vbox (badness 1102) has occurred while \output is active []

 [5]
[6]
\openout2 = `Include/abstract_ITA.aux'.

 (Include/abstract_ITA.tex
Underfull \vbox (badness 1902) has occurred while \output is active []

 [7



])
[8] (main.toc
LaTeX Font Info:    Try loading font information for U+msa on input line 6.
 ("C:\Program Files (x86)\MiKTeX 2.9\tex\latex\amsfonts\umsa.fd"
File: umsa.fd 2013/01/14 v3.01 AMS symbols A
)
(C:\Users\Chai\AppData\Roaming\MiKTeX\2.9\tex\latex\microtype\mt-msa.cfg
File: mt-msa.cfg 2006/02/04 v1.1 microtype config. file: AMS symbols (a) (RS)
)
LaTeX Font Info:    Try loading font information for U+msb on input line 6.

("C:\Program Files (x86)\MiKTeX 2.9\tex\latex\amsfonts\umsb.fd"
File: umsb.fd 2013/01/14 v3.01 AMS symbols B
)
(C:\Users\Chai\AppData\Roaming\MiKTeX\2.9\tex\latex\microtype\mt-msb.cfg
File: mt-msb.cfg 2005/06/01 v1.0 microtype config. file: AMS symbols (b) (RS)
)
[9


] [10] [11])
\tf@toc=\write7
\openout7 = `main.toc'.

 [12] (main.lof [13

] [14] [15])
\tf@lof=\write8
\openout8 = `main.lof'.

 [16] (Chapters/Chapter1.tex
Chapter 1.
[1


]
LaTeX Font Info:    Try loading font information for OMS+cmr on input line 16.
 ("C:\Program Files (x86)\MiKTeX 2.9\tex\latex\base\omscmr.fd"
File: omscmr.fd 2014/09/29 v2.5h Standard LaTeX font definitions
)
LaTeX Font Info:    Font shape `OMS/cmr/m/n' in size <12> not available
(Font)              Font shape `OMS/cmsy/m/n' tried instead on input line 16.
 [2])
(Chapters/Chapter2.tex [3] [4

]
Chapter 2.
<figures/ch2/1.png, id=755, 1606.0pt x 1606.0pt>
File: figures/ch2/1.png Graphic file (type png)
 <use figures/ch2/1.png>
Package pdftex.def Info: figures/ch2/1.png used on input line 21.
(pdftex.def)             Requested size: 284.52756pt x 284.50949pt.

[5]
Underfull \vbox (badness 10000) has occurred while \output is active []

 [6 <./figures/ch2/1.png>]
Underfull \hbox (badness 10000) in paragraph at lines 42--46

 []

[7] <figures/ch2/2.png, id=775, 1606.0pt x 1606.0pt>
File: figures/ch2/2.png Graphic file (type png)
 <use figures/ch2/2.png>
Package pdftex.def Info: figures/ch2/2.png used on input line 57.
(pdftex.def)             Requested size: 256.0748pt x 256.05855pt.

Underfull \hbox (badness 10000) in paragraph at lines 63--65

 []

[8 <./figures/ch2/2.png>] <figures/ch2/3.png, id=781, 240.9pt x 153.57375pt>
File: figures/ch2/3.png Graphic file (type png)

<use figures/ch2/3.png>
Package pdftex.def Info: figures/ch2/3.png used on input line 68.
(pdftex.def)             Requested size: 170.71652pt x 108.83424pt.
 <figures/ch2/4.png, id=782, 240.9pt x 153.57375pt>
File: figures/ch2/4.png Graphic file (type png)

<use figures/ch2/4.png>
Package pdftex.def Info: figures/ch2/4.png used on input line 74.
(pdftex.def)             Requested size: 170.71652pt x 108.83424pt.
 [9 <./figures/ch2/3.png>]
<figures/ch2/5.png, id=789, 301.125pt x 301.125pt>
File: figures/ch2/5.png Graphic file (type png)
 <use figures/ch2/5.png>
Package pdftex.def Info: figures/ch2/5.png used on input line 91.
(pdftex.def)             Requested size: 170.71652pt x 170.72406pt.

<figures/ch2/6.png, id=790, 385.44pt x 251.94125pt>
File: figures/ch2/6.png Graphic file (type png)
 <use figures/ch2/6.png>
Package pdftex.def Info: figures/ch2/6.png used on input line 102.
(pdftex.def)             Requested size: 227.62204pt x 148.78244pt.

[10 <./figures/ch2/4.png>] [11 <./figures/ch2/5.png>]
Underfull \vbox (badness 6236) has occurred while \output is active []

 [12 <./figures/ch2/6.png>] [13] <figures/ch2/7.png, id=809, 403.5075pt x 252.9
45pt>
File: figures/ch2/7.png Graphic file (type png)

<use figures/ch2/7.png>
Package pdftex.def Info: figures/ch2/7.png used on input line 132.
(pdftex.def)             Requested size: 256.0748pt x 160.52565pt.
 <figures/ch2/8.png, id=810, 727.518pt x 202.95825pt>
File: figures/ch2/8.png Graphic file (type png)

<use figures/ch2/8.png>
Package pdftex.def Info: figures/ch2/8.png used on input line 141.
(pdftex.def)             Requested size: 369.88582pt x 103.18835pt.
 [14 <./figures/ch2/7.png> <./figures/ch2/8.png>]
<figures/ch2/9.png, id=816, 286.06876pt x 147.55125pt>
File: figures/ch2/9.png Graphic file (type png)
 <use figures/ch2/9.png>
Package pdftex.def Info: figures/ch2/9.png used on input line 154.
(pdftex.def)             Requested size: 256.0748pt x 132.08116pt.

<figures/ch2/10.png, id=817, 289.08pt x 140.9265pt>
File: figures/ch2/10.png Graphic file (type png)
 <use figures/ch2/10.png>
Package pdftex.def Info: figures/ch2/10.png used on input line 163.
(pdftex.def)             Requested size: 256.0748pt x 124.84358pt.

Underfull \vbox (badness 2253) has occurred while \output is active []

 [15 <./figures/ch2/9.png>] <figures/ch2/11.png, id=824, 290.2845pt x 145.7445p
t>
File: figures/ch2/11.png Graphic file (type png)

<use figures/ch2/11.png>
Package pdftex.def Info: figures/ch2/11.png used on input line 172.
(pdftex.def)             Requested size: 256.0748pt x 128.56912pt.
) (Chapters/Chapter3.tex [16 <./figures/ch2/10.png> <./figures/ch2/11.png>] [17
] [18

]
Chapter 3.
<figures/ch3/1.png, id=839, 248.6088pt x 193.6836pt>
File: figures/ch3/1.png Graphic file (type png)
 <use figures/ch3/1.png>
Package pdftex.def Info: figures/ch3/1.png used on input line 19.
(pdftex.def)             Requested size: 256.0748pt x 199.5111pt.

<figures/ch3/2a.png, id=840, 963.6pt x 422.57875pt>
File: figures/ch3/2a.png Graphic file (type png)
 <use figures/ch3/2a.png>
Package pdftex.def Info: figures/ch3/2a.png used on input line 28.
(pdftex.def)             Requested size: 256.0748pt x 112.29878pt.

<figures/ch3/2b.png, id=841, 963.6pt x 422.57875pt>
File: figures/ch3/2b.png Graphic file (type png)
 <use figures/ch3/2b.png>
Package pdftex.def Info: figures/ch3/2b.png used on input line 29.
(pdftex.def)             Requested size: 256.0748pt x 112.29878pt.

[19] <figures/ch3/3.png, id=846, 481.8pt x 411.5375pt>
File: figures/ch3/3.png Graphic file (type png)
 <use figures/ch3/3.png>
Package pdftex.def Info: figures/ch3/3.png used on input line 38.
(pdftex.def)             Requested size: 256.0748pt x 218.7355pt.

[20 <./figures/ch3/1.png> <./figures/ch3/2a.png> <./figures/ch3/2b.png>]
<figures/ch3/4a.png, id=854, 301.125pt x 301.125pt>
File: figures/ch3/4a.png Graphic file (type png)
 <use figures/ch3/4a.png>
Package pdftex.def Info: figures/ch3/4a.png used on input line 47.
(pdftex.def)             Requested size: 170.71652pt x 170.72406pt.

<figures/ch3/4b.png, id=855, 301.125pt x 301.125pt>
File: figures/ch3/4b.png Graphic file (type png)
 <use figures/ch3/4b.png>
Package pdftex.def Info: figures/ch3/4b.png used on input line 48.
(pdftex.def)             Requested size: 170.71652pt x 170.72406pt.

<figures/ch3/5.png, id=856, 423.38174pt x 240.9pt>
File: figures/ch3/5.png Graphic file (type png)
 <use figures/ch3/5.png>
Package pdftex.def Info: figures/ch3/5.png used on input line 57.
(pdftex.def)             Requested size: 170.71652pt x 97.13388pt.

Underfull \vbox (badness 4872) has occurred while \output is active []

 [21 <./figures/ch3/3.png>] [22 <./figures/ch3/4a.png> <./figures/ch3/4b.png> <
./figures/ch3/5.png>]) (Chapters/Chapter4.tex [23] [24]
Chapter 4.
[25

]) (Chapters/Chapter5.tex [26]
Chapter 5.
[27

] <figures/ch5/1.png, id=896, 388.45125pt x 231.86626pt>
File: figures/ch5/1.png Graphic file (type png)

<use figures/ch5/1.png>
Package pdftex.def Info: figures/ch5/1.png used on input line 28.
(pdftex.def)             Requested size: 256.0748pt x 152.85529pt.
 <figures/ch5/2.png, id=897, 388.45125pt x 231.86626pt>
File: figures/ch5/2.png Graphic file (type png)

<use figures/ch5/2.png>
Package pdftex.def Info: figures/ch5/2.png used on input line 34.
(pdftex.def)             Requested size: 256.0748pt x 152.85529pt.
 <figures/ch5/3.png, id=898, 388.45125pt x 231.86626pt>
File: figures/ch5/3.png Graphic file (type png)

<use figures/ch5/3.png>
Package pdftex.def Info: figures/ch5/3.png used on input line 40.
(pdftex.def)             Requested size: 256.0748pt x 152.85529pt.

Underfull \vbox (badness 2961) has occurred while \output is active []

 [28]
Underfull \vbox (badness 2126) has occurred while \output is active []

 [29 <./figures/ch5/1.png (PNG copy)> <./figures/ch5/2.png>]
Underfull \vbox (badness 4181) has occurred while \output is active []

 [30 <./figures/ch5/3.png>]) (Chapters/Chapter6.tex [31] [32

]
Chapter 6.
<figures/ch6/1.png, id=923, 733.74126pt x 330.23375pt>
File: figures/ch6/1.png Graphic file (type png)
 <use figures/ch6/1.png>
Package pdftex.def Info: figures/ch6/1.png used on input line 12.
(pdftex.def)             Requested size: 341.43306pt x 153.66795pt.

[33] <figures/ch6/2.png, id=933, 485.815pt x 331.2375pt>
File: figures/ch6/2.png Graphic file (type png)

<use figures/ch6/2.png>
Package pdftex.def Info: figures/ch6/2.png used on input line 29.
(pdftex.def)             Requested size: 284.52756pt x 193.99301pt.
 [34 <./figures/ch6/1.png>] [35 <./figures/ch6/2.png>]
<figures/ch6/3.png, id=947, 561.09625pt x 461.725pt>
File: figures/ch6/3.png Graphic file (type png)
 <use figures/ch6/3.png>
Package pdftex.def Info: figures/ch6/3.png used on input line 38.
(pdftex.def)             Requested size: 341.43306pt x 280.9614pt.

[36 <./figures/ch6/3.png>]
<figures/ch6/4.png, id=958, 431.6125pt x 271.0125pt>
File: figures/ch6/4.png Graphic file (type png)
 <use figures/ch6/4.png>
Package pdftex.def Info: figures/ch6/4.png used on input line 57.
(pdftex.def)             Requested size: 341.43306pt x 214.39526pt.

[37] <figures/ch6/5.png, id=967, 690.58pt x 479.7925pt>
File: figures/ch6/5.png Graphic file (type png)

<use figures/ch6/5.png>
Package pdftex.def Info: figures/ch6/5.png used on input line 75.
(pdftex.def)             Requested size: 312.9803pt x 217.44936pt.
 [38 <./figures/ch6/4.png>]
Underfull \vbox (badness 1033) has occurred while \output is active []

 [39 <./figures/ch6/5.png>] <figures/ch6/6.png, id=996, 425.59pt x 545.03625pt>
File: figures/ch6/6.png Graphic file (type png)

<use figures/ch6/6.png>
Package pdftex.def Info: figures/ch6/6.png used on input line 111.
(pdftex.def)             Requested size: 312.9803pt x 400.84218pt.
) (Chapters/Chapter7.tex [40] [41 <./figures/ch6/6.png>] [42]
Chapter 7.
<figures/ch7/1.png, id=1018, 679.94025pt x 388.45125pt>
File: figures/ch7/1.png Graphic file (type png)

<use figures/ch7/1.png>
Package pdftex.def Info: figures/ch7/1.png used on input line 12.
(pdftex.def)             Requested size: 341.43306pt x 195.06088pt.

Underfull \vbox (badness 10000) has occurred while \output is active []

 [43

]
Underfull \vbox (badness 10000) has occurred while \output is active []

 [44 <./figures/ch7/1.png>]
Package microtype Info: Loading generic settings for font family
(microtype)             `cmtt' (encoding: OT1).
(microtype)             For optimal results, create family-specific settings.
(microtype)             See the microtype manual for details.
 [45] [46] [47]
<figures/ch7/2.png, id=1057, 438.63875pt x 258.9675pt>
File: figures/ch7/2.png Graphic file (type png)
 <use figures/ch7/2.png>
Package pdftex.def Info: figures/ch7/2.png used on input line 73.
(pdftex.def)             Requested size: 341.43306pt x 201.58286pt.

[48 <./figures/ch7/2.png>] [49] [50] [51] [52] [53] [54]
<figures/ch7/3.png, id=1164, 537.00626pt x 426.59375pt>
File: figures/ch7/3.png Graphic file (type png)

<use figures/ch7/3.png>
Package pdftex.def Info: figures/ch7/3.png used on input line 248.
(pdftex.def)             Requested size: 341.43306pt x 271.229pt.
 [55] [56 <./figures/ch7/3.png>]
<figures/ch7/4.png, id=1195, 1561.835pt x 1210.5225pt>
File: figures/ch7/4.png Graphic file (type png)
 <use figures/ch7/4.png>
Package pdftex.def Info: figures/ch7/4.png used on input line 275.
(pdftex.def)             Requested size: 369.88582pt x 286.67088pt.

[57] [58 <./figures/ch7/4.png>] [59]) (Chapters/Chapter8.tex [60] [61] [62

]
Chapter 8.
<figures/ch8/1.png, id=1228, 769.6755pt x 326.4195pt>
File: figures/ch8/1.png Graphic file (type png)
 <use figures/ch8/1.png>
Package pdftex.def Info: figures/ch8/1.png used on input line 20.
(pdftex.def)             Requested size: 312.9803pt x 132.73708pt.

<figures/ch8/2.png, id=1229, 733.74126pt x 676.5275pt>
File: figures/ch8/2.png Graphic file (type png)
 <use figures/ch8/2.png>
Package pdftex.def Info: figures/ch8/2.png used on input line 30.
(pdftex.def)             Requested size: 341.43306pt x 314.80913pt.

[63] <figures/ch8/3.png, id=1246, 324.61275pt x 526.96875pt>
File: figures/ch8/3.png Graphic file (type png)

<use figures/ch8/3.png>
Package pdftex.def Info: figures/ch8/3.png used on input line 41.
(pdftex.def)             Requested size: 256.0748pt x 415.7218pt.
 [64 <./figures/ch8/1.png>] [65 <./figures/ch8/2.png>]
<figures/ch8/4.png, id=1263, 393.26926pt x 428.802pt>
File: figures/ch8/4.png Graphic file (type png)
 <use figures/ch8/4.png>
Package pdftex.def Info: figures/ch8/4.png used on input line 58.
(pdftex.def)             Requested size: 256.0748pt x 279.2218pt.

[66 <./figures/ch8/3.png>] [67 <./figures/ch8/4.png>]
Underfull \hbox (badness 10000) in paragraph at lines 88--90

 []

[68]) (Chapters/Chapter9.tex [69] [70]
Chapter 9.

Underfull \vbox (badness 2126) has occurred while \output is active []

 [71

]
Package epstopdf Info: Source file: <figures/ch9/1.eps>
(epstopdf)                    date: 2016-04-04 21:11:49
(epstopdf)                    size: 43974 bytes
(epstopdf)             Output file: <figures/ch9/1-eps-converted-to.pdf>
(epstopdf)                    date: 2016-04-04 21:11:49
(epstopdf)                    size: 61904 bytes
(epstopdf)             Command: <epstopdf --outfile=figures/ch9/1-eps-converted
-to.pdf figures/ch9/1.eps>
(epstopdf)             \includegraphics on input line 35.
Package epstopdf Info: Output file is already uptodate.

<figures/ch9/1-eps-converted-to.pdf, id=1301, 332.24126pt x 187.70125pt>
File: figures/ch9/1-eps-converted-to.pdf Graphic file (type pdf)

<use figures/ch9/1-eps-converted-to.pdf>
Package pdftex.def Info: figures/ch9/1-eps-converted-to.pdf used on input line 
35.
(pdftex.def)             Requested size: 256.0748pt x 144.67934pt.
 [72] [73 <./figures/ch9/1-eps-converted-to.pdf>] <figures/ch9/2.png, id=1315, 
1606.0pt x 865.2325pt>
File: figures/ch9/2.png Graphic file (type png)

<use figures/ch9/2.png>
Package pdftex.def Info: figures/ch9/2.png used on input line 66.
(pdftex.def)             Requested size: 398.33858pt x 214.60449pt.
 <figures/ch9/3.png, id=1317, 811.03pt x 471.7625pt>
File: figures/ch9/3.png Graphic file (type png)

<use figures/ch9/3.png>
Package pdftex.def Info: figures/ch9/3.png used on input line 74.
(pdftex.def)             Requested size: 341.43306pt x 198.6068pt.
 [74] [75 <./figures/ch9/2.png>] [76 <./figures/ch9/3.png>] <figures/ch9/4.png,
 id=1340, 1369.115pt x 754.82pt>
File: figures/ch9/4.png Graphic file (type png)

<use figures/ch9/4.png>
Package pdftex.def Info: figures/ch9/4.png used on input line 97.
(pdftex.def)             Requested size: 341.43306pt x 188.23232pt.
Package epstopdf Info: Source file: <figures/ch9/5.eps>
(epstopdf)                    date: 2016-04-04 21:11:49
(epstopdf)                    size: 79225 bytes
(epstopdf)             Output file: <figures/ch9/5-eps-converted-to.pdf>
(epstopdf)                    date: 2016-04-04 21:11:49
(epstopdf)                    size: 137687 bytes
(epstopdf)             Command: <epstopdf --outfile=figures/ch9/5-eps-converted
-to.pdf figures/ch9/5.eps>
(epstopdf)             \includegraphics on input line 103.
Package epstopdf Info: Output file is already uptodate.

<figures/ch9/5-eps-converted-to.pdf, id=1341, 528.97626pt x 452.69125pt>
File: figures/ch9/5-eps-converted-to.pdf Graphic file (type pdf)

<use figures/ch9/5-eps-converted-to.pdf>
Package pdftex.def Info: figures/ch9/5-eps-converted-to.pdf used on input line 
103.
(pdftex.def)             Requested size: 369.88582pt x 316.54324pt.
 [77 <./figures/ch9/4.png>] [78 <./figures/ch9/5-eps-converted-to.pdf>]
Package epstopdf Info: Source file: <figures/ch9/6.eps>
(epstopdf)                    date: 2016-04-04 21:11:49
(epstopdf)                    size: 45618 bytes
(epstopdf)             Output file: <figures/ch9/6-eps-converted-to.pdf>
(epstopdf)                    date: 2016-04-04 21:11:49
(epstopdf)                    size: 75257 bytes
(epstopdf)             Command: <epstopdf --outfile=figures/ch9/6-eps-converted
-to.pdf figures/ch9/6.eps>
(epstopdf)             \includegraphics on input line 125.
Package epstopdf Info: Output file is already uptodate.

<figures/ch9/6-eps-converted-to.pdf, id=1359, 444.66125pt x 187.70125pt>
File: figures/ch9/6-eps-converted-to.pdf Graphic file (type pdf)

<use figures/ch9/6-eps-converted-to.pdf>
Package pdftex.def Info: figures/ch9/6-eps-converted-to.pdf used on input line 
125.
(pdftex.def)             Requested size: 341.43306pt x 144.12657pt.
 [79 <./figures/ch9/6-eps-converted-to.pdf>] <figures/ch9/7.png, id=1368, 722.7
pt x 562.1pt>
File: figures/ch9/7.png Graphic file (type png)
 <use figures/ch9/7.png>
Package pdftex.def Info: figures/ch9/7.png used on input line 146.
(pdftex.def)             Requested size: 256.0748pt x 199.16522pt.

[80] [81 <./figures/ch9/7.png>]
Package epstopdf Info: Source file: <figures/ch9/8.eps>
(epstopdf)                    date: 2016-04-04 21:11:49
(epstopdf)                    size: 78932 bytes
(epstopdf)             Output file: <figures/ch9/8-eps-converted-to.pdf>
(epstopdf)                    date: 2016-04-04 21:11:49
(epstopdf)                    size: 148899 bytes
(epstopdf)             Command: <epstopdf --outfile=figures/ch9/8-eps-converted
-to.pdf figures/ch9/8.eps>
(epstopdf)             \includegraphics on input line 172.
Package epstopdf Info: Output file is already uptodate.

<figures/ch9/8-eps-converted-to.pdf, id=1384, 500.87125pt x 452.69125pt>
File: figures/ch9/8-eps-converted-to.pdf Graphic file (type pdf)

<use figures/ch9/8-eps-converted-to.pdf>
Package pdftex.def Info: figures/ch9/8-eps-converted-to.pdf used on input line 
172.
(pdftex.def)             Requested size: 369.88582pt x 334.31625pt.
 [82]
<figures/ch9/9.png, id=1393, 1528.71124pt x 958.58125pt>
File: figures/ch9/9.png Graphic file (type png)

<use figures/ch9/9.png>
Package pdftex.def Info: figures/ch9/9.png used on input line 188.
(pdftex.def)             Requested size: 284.52756pt x 178.40251pt.
 [83 <./figures/ch9/8-eps-converted-to.pdf>] [84 <./figures/ch9/9.png>]
Package epstopdf Info: Source file: <figures/ch9/10.eps>
(epstopdf)                    date: 2016-04-04 21:11:49
(epstopdf)                    size: 97274 bytes
(epstopdf)             Output file: <figures/ch9/10-eps-converted-to.pdf>
(epstopdf)                    date: 2016-04-04 21:11:49
(epstopdf)                    size: 221196 bytes
(epstopdf)             Command: <epstopdf --outfile=figures/ch9/10-eps-converte
d-to.pdf figures/ch9/10.eps>
(epstopdf)             \includegraphics on input line 210.
Package epstopdf Info: Output file is already uptodate.

<figures/ch9/10-eps-converted-to.pdf, id=1407, 618.31pt x 637.38126pt>
File: figures/ch9/10-eps-converted-to.pdf Graphic file (type pdf)

<use figures/ch9/10-eps-converted-to.pdf>
Package pdftex.def Info: figures/ch9/10-eps-converted-to.pdf used on input line
 210.
(pdftex.def)             Requested size: 398.33858pt x 410.63606pt.
Package epstopdf Info: Source file: <figures/ch9/11.eps>
(epstopdf)                    date: 2016-04-04 21:11:49
(epstopdf)                    size: 40140 bytes
(epstopdf)             Output file: <figures/ch9/11-eps-converted-to.pdf>
(epstopdf)                    date: 2016-04-04 21:11:49
(epstopdf)                    size: 44069 bytes
(epstopdf)             Command: <epstopdf --outfile=figures/ch9/11-eps-converte
d-to.pdf figures/ch9/11.eps>
(epstopdf)             \includegraphics on input line 220.
Package epstopdf Info: Output file is already uptodate.

<figures/ch9/11-eps-converted-to.pdf, id=1410, 416.55624pt x 284.06125pt>
File: figures/ch9/11-eps-converted-to.pdf Graphic file (type pdf)

<use figures/ch9/11-eps-converted-to.pdf>
Package pdftex.def Info: figures/ch9/11-eps-converted-to.pdf used on input line
 220.
(pdftex.def)             Requested size: 284.52756pt x 194.03462pt.
 [85]
Underfull \vbox (badness 10000) has occurred while \output is active []

 [86 <./figures/ch9/10-eps-converted-to.pdf>] [87 <./figures/ch9/11-eps-convert
ed-to.pdf>] [88]
Package epstopdf Info: Source file: <figures/ch9/12.eps>
(epstopdf)                    date: 2016-04-04 21:11:49
(epstopdf)                    size: 114765 bytes
(epstopdf)             Output file: <figures/ch9/12-eps-converted-to.pdf>
(epstopdf)                    date: 2016-04-04 21:11:49
(epstopdf)                    size: 109877 bytes
(epstopdf)             Command: <epstopdf --outfile=figures/ch9/12-eps-converte
d-to.pdf figures/ch9/12.eps>
(epstopdf)             \includegraphics on input line 254.
Package epstopdf Info: Output file is already uptodate.
 <figures/ch9/12-eps-converted-to.pdf, id=1435, 1349.04pt x 1379.1525pt>
File: figures/ch9/12-eps-converted-to.pdf Graphic file (type pdf)

<use figures/ch9/12-eps-converted-to.pdf>
Package pdftex.def Info: figures/ch9/12-eps-converted-to.pdf used on input line
 254.
(pdftex.def)             Requested size: 432.67912pt x 442.32689pt.
 [89 <./figures/ch9/12-eps-converted-to.pdf>]
Package epstopdf Info: Source file: <figures/ch9/13.eps>
(epstopdf)                    date: 2016-04-04 21:11:49
(epstopdf)                    size: 92270 bytes
(epstopdf)             Output file: <figures/ch9/13-eps-converted-to.pdf>
(epstopdf)                    date: 2016-04-04 21:11:49
(epstopdf)                    size: 77642 bytes
(epstopdf)             Command: <epstopdf --outfile=figures/ch9/13-eps-converte
d-to.pdf figures/ch9/13.eps>
(epstopdf)             \includegraphics on input line 273.
Package epstopdf Info: Output file is already uptodate.

<figures/ch9/13-eps-converted-to.pdf, id=1444, 1158.3275pt x 1302.8675pt>
File: figures/ch9/13-eps-converted-to.pdf Graphic file (type pdf)

<use figures/ch9/13-eps-converted-to.pdf>
Package pdftex.def Info: figures/ch9/13-eps-converted-to.pdf used on input line
 273.
(pdftex.def)             Requested size: 432.67912pt x 486.66562pt.
 [90]
Underfull \vbox (badness 1867) has occurred while \output is active []

 [91 <./figures/ch9/13-eps-converted-to.pdf>]) (Chapters/Chapter10.tex [92]
Chapter 10.
<figures/ch10/1.png, id=1462, 903.375pt x 1606.0pt>
File: figures/ch10/1.png Graphic file (type png)
 <use figures/ch10/1.png>
Package pdftex.def Info: figures/ch10/1.png used on input line 8.
(pdftex.def)             Requested size: 129.80505pt x 230.74431pt.

<figures/ch10/2.png, id=1463, 903.375pt x 1606.0pt>
File: figures/ch10/2.png Graphic file (type png)
 <use figures/ch10/2.png>
Package pdftex.def Info: figures/ch10/2.png used on input line 10.
(pdftex.def)             Requested size: 129.80505pt x 230.74431pt.

<figures/ch10/3.png, id=1466, 903.375pt x 1606.0pt>
File: figures/ch10/3.png Graphic file (type png)
 <use figures/ch10/3.png>
Package pdftex.def Info: figures/ch10/3.png used on input line 18.
(pdftex.def)             Requested size: 129.80505pt x 230.74431pt.

<figures/ch10/4.png, id=1467, 903.375pt x 1606.0pt>
File: figures/ch10/4.png Graphic file (type png)
 <use figures/ch10/4.png>
Package pdftex.def Info: figures/ch10/4.png used on input line 20.
(pdftex.def)             Requested size: 129.80505pt x 230.74431pt.

[93

] [94 <./figures/ch10/1.png> <./figures/ch10/2.png>]
<figures/ch10/5.png, id=1487, 903.375pt x 1606.0pt>
File: figures/ch10/5.png Graphic file (type png)
 <use figures/ch10/5.png>
Package pdftex.def Info: figures/ch10/5.png used on input line 36.
(pdftex.def)             Requested size: 129.80505pt x 230.74431pt.

<figures/ch10/6.png, id=1488, 903.375pt x 1606.0pt>
File: figures/ch10/6.png Graphic file (type png)
 <use figures/ch10/6.png>
Package pdftex.def Info: figures/ch10/6.png used on input line 38.
(pdftex.def)             Requested size: 129.80505pt x 230.74431pt.

<figures/ch10/7.png, id=1491, 903.375pt x 1606.0pt>
File: figures/ch10/7.png Graphic file (type png)
 <use figures/ch10/7.png>
Package pdftex.def Info: figures/ch10/7.png used on input line 47.
(pdftex.def)             Requested size: 129.80505pt x 230.74431pt.

<figures/ch10/8.png, id=1492, 903.375pt x 1606.0pt>
File: figures/ch10/8.png Graphic file (type png)
 <use figures/ch10/8.png>
Package pdftex.def Info: figures/ch10/8.png used on input line 49.
(pdftex.def)             Requested size: 129.80505pt x 230.74431pt.

<figures/ch10/9.png, id=1494, 903.375pt x 1606.0pt>
File: figures/ch10/9.png Graphic file (type png)
 <use figures/ch10/9.png>
Package pdftex.def Info: figures/ch10/9.png used on input line 57.
(pdftex.def)             Requested size: 129.80505pt x 230.74431pt.

[95 <./figures/ch10/3.png> <./figures/ch10/4.png>]
Underfull \vbox (badness 10000) has occurred while \output is active []

 [96 <./figures/ch10/5.png> <./figures/ch10/6.png>]
<figures/ch10/10a.png, id=1507, 903.375pt x 1606.0pt>
File: figures/ch10/10a.png Graphic file (type png)

<use figures/ch10/10a.png>
Package pdftex.def Info: figures/ch10/10a.png used on input line 69.
(pdftex.def)             Requested size: 129.80505pt x 230.74431pt.

Underfull \hbox (badness 1609) in paragraph at lines 69--69
[]\OT1/cmr/m/n/10 (+20) (a) |First pa-ram-e-ters op-tion
 []

<figures/ch10/10b.png, id=1508, 903.375pt x 1606.0pt>
File: figures/ch10/10b.png Graphic file (type png)

<use figures/ch10/10b.png>
Package pdftex.def Info: figures/ch10/10b.png used on input line 71.
(pdftex.def)             Requested size: 129.80505pt x 230.74431pt.
 [97 <./figures/ch10/7.png> <./figures/ch10/8.png>]
[98 <./figures/ch10/9.png>]
Underfull \hbox (badness 10000) in paragraph at lines 102--102
[]|\OT1/cmr/m/n/12 (+20) AMOLED ca-pac-i-tive
 []


Underfull \hbox (badness 5802) in paragraph at lines 102--102
\OT1/cmr/m/n/12 (+20) Bean) (up-graded from
 []


LaTeX Warning: `!h' float specifier changed to `!ht'.

[99 <./figures/ch10/10a.png> <./figures/ch10/10b.png>] [100]
<figures/ch10/12.png, id=1534, 417.9615pt x 425.79076pt>
File: figures/ch10/12.png Graphic file (type png)

<use figures/ch10/12.png>
Package pdftex.def Info: figures/ch10/12.png used on input line 129.
(pdftex.def)             Requested size: 259.6101pt x 264.48131pt.


LaTeX Warning: `!h' float specifier changed to `!ht'.

[101] <figures/ch10/13.png, id=1540, 649.2255pt x 310.761pt>
File: figures/ch10/13.png Graphic file (type png)

<use figures/ch10/13.png>
Package pdftex.def Info: figures/ch10/13.png used on input line 143.
(pdftex.def)             Requested size: 432.67912pt x 207.10867pt.


LaTeX Warning: `!h' float specifier changed to `!ht'.

[102 <./figures/ch10/12.png>]
<figures/ch10/14.png, id=1547, 417.9615pt x 425.79076pt>
File: figures/ch10/14.png Graphic file (type png)

<use figures/ch10/14.png>
Package pdftex.def Info: figures/ch10/14.png used on input line 152.
(pdftex.def)             Requested size: 259.6101pt x 264.48131pt.

<figures/ch10/15.png, id=1550, 646.21425pt x 306.54526pt>
File: figures/ch10/15.png Graphic file (type png)

<use figures/ch10/15.png>
Package pdftex.def Info: figures/ch10/15.png used on input line 162.
(pdftex.def)             Requested size: 432.67912pt x 205.25795pt.

Overfull \hbox (3.91663pt too wide) in paragraph at lines 162--163
 [][] 
 []

<figures/ch10/16.png, id=1551, 420.3705pt x 436.029pt>
File: figures/ch10/16.png Graphic file (type png)

<use figures/ch10/16.png>
Package pdftex.def Info: figures/ch10/16.png used on input line 164.
(pdftex.def)             Requested size: 259.6101pt x 269.29062pt.
 [103 <./figures/ch10/13.png>]
<figures/ch10/17.png, id=1560, 649.2255pt x 302.3295pt>
File: figures/ch10/17.png Graphic file (type png)

<use figures/ch10/17.png>
Package pdftex.def Info: figures/ch10/17.png used on input line 175.
(pdftex.def)             Requested size: 432.67912pt x 201.48944pt.

<figures/ch10/18.png, id=1561, 648.62325pt x 308.95425pt>
File: figures/ch10/18.png Graphic file (type png)

<use figures/ch10/18.png>
Package pdftex.def Info: figures/ch10/18.png used on input line 182.
(pdftex.def)             Requested size: 432.67912pt x 206.10255pt.

<figures/ch10/19.png, id=1563, 425.79076pt x 433.01775pt>
File: figures/ch10/19.png Graphic file (type png)

<use figures/ch10/19.png>
Package pdftex.def Info: figures/ch10/19.png used on input line 191.
(pdftex.def)             Requested size: 259.6101pt x 264.0215pt.

Underfull \hbox (badness 10000) in paragraph at lines 172--199

 []


LaTeX Warning: `h' float specifier changed to `ht'.


LaTeX Warning: `!h' float specifier changed to `!ht'.


LaTeX Warning: `h' float specifier changed to `ht'.


Underfull \vbox (badness 10000) has occurred while \output is active []

 [104 <./figures/ch10/14.png>] [105 <./figures/ch10/15.png> <./figures/ch10/16.
png>]
[106 <./figures/ch10/17.png> <./figures/ch10/18.png>]
<figures/ch10/20.png, id=1583, 646.8165pt x 286.06876pt>
File: figures/ch10/20.png Graphic file (type png)

<use figures/ch10/20.png>
Package pdftex.def Info: figures/ch10/20.png used on input line 206.
(pdftex.def)             Requested size: 432.67912pt x 191.35951pt.

<figures/ch10/21.png, id=1585, 466.74374pt x 466.1415pt>
File: figures/ch10/21.png Graphic file (type png)

<use figures/ch10/21.png>
Package pdftex.def Info: figures/ch10/21.png used on input line 214.
(pdftex.def)             Requested size: 259.6101pt x 259.28772pt.


LaTeX Warning: `!h' float specifier changed to `!ht'.

[107 <./figures/ch10/19.png>] [108 <./figures/ch10/20.png> <./figures/ch10/21.p
ng>] <figures/ch10/22.png, id=1599, 652.839pt x 280.6485pt>
File: figures/ch10/22.png Graphic file (type png)

<use figures/ch10/22.png>
Package pdftex.def Info: figures/ch10/22.png used on input line 223.
(pdftex.def)             Requested size: 432.67912pt x 186.00797pt.

Overfull \hbox (3.91663pt too wide) in paragraph at lines 223--224
 [][] 
 []

<figures/ch10/23.png, id=1600, 711.8595pt x 283.0575pt>
File: figures/ch10/23.png Graphic file (type png)

<use figures/ch10/23.png>
Package pdftex.def Info: figures/ch10/23.png used on input line 225.
(pdftex.def)             Requested size: 432.67912pt x 172.04718pt.

Overfull \hbox (3.91663pt too wide) in paragraph at lines 225--226
 [][] 
 []

[109 <./figures/ch10/22.png> <./figures/ch10/23.png>] [110]
<figures/ch10/24.png, id=1616, 474.573pt x 464.937pt>
File: figures/ch10/24.png Graphic file (type png)

<use figures/ch10/24.png>
Package pdftex.def Info: figures/ch10/24.png used on input line 234.
(pdftex.def)             Requested size: 259.6101pt x 254.33983pt.

<figures/ch10/25.png, id=1617, 714.87074pt x 274.626pt>
File: figures/ch10/25.png Graphic file (type png)

<use figures/ch10/25.png>
Package pdftex.def Info: figures/ch10/25.png used on input line 243.
(pdftex.def)             Requested size: 432.67912pt x 166.22256pt.

Overfull \hbox (3.91663pt too wide) in paragraph at lines 243--244
 [][] 
 []

<figures/ch10/26.png, id=1618, 713.064pt x 283.0575pt>
File: figures/ch10/26.png Graphic file (type png)

<use figures/ch10/26.png>
Package pdftex.def Info: figures/ch10/26.png used on input line 245.
(pdftex.def)             Requested size: 432.67912pt x 171.76212pt.

Overfull \hbox (3.91663pt too wide) in paragraph at lines 245--246
 [][] 
 []

<figures/ch10/27.png, id=1623, 471.56175pt x 474.573pt>
File: figures/ch10/27.png Graphic file (type png)

<use figures/ch10/27.png>
Package pdftex.def Info: figures/ch10/27.png used on input line 252.
(pdftex.def)             Requested size: 259.6101pt x 261.28389pt.
 [111 <./figures/ch10/24.png>] [112 <./figures/ch10/25.png> <./figures/ch10/26.
png>]
Underfull \vbox (badness 10000) has occurred while \output is active []

 [113 <./figures/ch10/27.png>] <figures/ch10/28.png, id=1643, 692.5875pt x 285.
4665pt>
File: figures/ch10/28.png Graphic file (type png)

<use figures/ch10/28.png>
Package pdftex.def Info: figures/ch10/28.png used on input line 269.
(pdftex.def)             Requested size: 432.67912pt x 178.34206pt.

<figures/ch10/29.png, id=1645, 702.82574pt x 287.8755pt>
File: figures/ch10/29.png Graphic file (type png)

<use figures/ch10/29.png>
Package pdftex.def Info: figures/ch10/29.png used on input line 278.
(pdftex.def)             Requested size: 432.67912pt x 177.22467pt.

<figures/ch10/30.png, id=1646, 690.1785pt x 284.262pt>
File: figures/ch10/30.png Graphic file (type png)

<use figures/ch10/30.png>
Package pdftex.def Info: figures/ch10/30.png used on input line 286.
(pdftex.def)             Requested size: 432.67912pt x 178.20982pt.
 [114 <./figures/ch10/28.png>]
<figures/ch10/31.png, id=1655, 705.837pt x 282.45525pt>
File: figures/ch10/31.png Graphic file (type png)

<use figures/ch10/31.png>
Package pdftex.def Info: figures/ch10/31.png used on input line 295.
(pdftex.def)             Requested size: 432.67912pt x 173.1508pt.
 [115 <./figures/ch10/29.png> <./figures/ch10/30.png>] <figures/ch10/32.png, id
=1662, 662.475pt x 281.25075pt>
File: figures/ch10/32.png Graphic file (type png)

<use figures/ch10/32.png>
Package pdftex.def Info: figures/ch10/32.png used on input line 305.
(pdftex.def)             Requested size: 432.67912pt x 183.69057pt.


LaTeX Warning: `!h' float specifier changed to `!ht'.

<figures/ch10/33.png, id=1663, 669.702pt x 279.444pt>
File: figures/ch10/33.png Graphic file (type png)

<use figures/ch10/33.png>
Package pdftex.def Info: figures/ch10/33.png used on input line 313.
(pdftex.def)             Requested size: 432.67912pt x 180.54486pt.


LaTeX Warning: `!h' float specifier changed to `!ht'.

[116 <./figures/ch10/31.png>]
<figures/ch10/34.png, id=1673, 1606.0pt x 457.71pt>
File: figures/ch10/34.png Graphic file (type png)
 <use figures/ch10/34.png>
Package pdftex.def Info: figures/ch10/34.png used on input line 323.
(pdftex.def)             Requested size: 432.67912pt x 123.31097pt.


LaTeX Warning: `!h' float specifier changed to `!ht'.

[117 <./figures/ch10/32.png> <./figures/ch10/33.png>] [118 <./figures/ch10/34.p
ng>]
Underfull \hbox (badness 10000) in paragraph at lines 370--370
[]|\OT1/cmr/bx/n/12 Analysis ex-e-cu-tion
 []


Underfull \hbox (badness 10000) in paragraph at lines 387--387
[]|\OT1/cmr/bx/n/12 Analysis ex-e-cu-tion
 []

) (Chapters/Chapter11.tex [119] [120]
Chapter 11.
[121

]) [122]
\openout2 = `Include/acknowledgements.aux'.

 (Include/acknowledgements.tex) [123



] (main.bbl [124


] [125]
[126]
Underfull \hbox (badness 4940) in paragraph at lines 147--152
[]\OT1/cmr/m/n/12 (+20) Android De-sign Pat-terns.  How to leak a con-text: Han
-dlers &
 []


Underfull \hbox (badness 10000) in paragraph at lines 147--152
\OT1/cmr/m/n/12 (+20) in-ner classes.  [][]$\OT1/cmtt/m/n/12 http : / / www . a
ndroiddesignpatterns . com / 2013 / 01 /$
 []

)
Package atveryend Info: Empty hook `BeforeClearDocument' on input line 250.
 [127]
Package atveryend Info: Empty hook `AfterLastShipout' on input line 250.
 (main.aux (Include/cover.aux) (Include/abstract_ENG.aux)
(Include/abstract_ITA.aux) (Include/acknowledgements.aux))
Package atveryend Info: Executing hook `AtVeryEndDocument' on input line 250.
Package atveryend Info: Executing hook `AtEndAfterFileList' on input line 250.
Package rerunfilecheck Info: File `main.out' has not changed.
(rerunfilecheck)             Checksum: 1EE5B7FB255142DFD1231A8C811C6649;6421.
 ) 
Here is how much of TeX's memory you used:
 15039 strings out of 493634
 222278 string characters out of 3141317
 371322 words of memory out of 3000000
 17350 multiletter control sequences out of 15000+200000
 18218 words of font info for 123 fonts, out of 3000000 for 9000
 1025 hyphenation exceptions out of 8191
 44i,12n,49p,1960b,1932s stack positions out of 5000i,500n,10000p,200000b,50000s
pdfTeX warning (dest): name{Hfootnote.1} has been referenced but does not exi
st, replaced by a fixed one

<C:/Program Files (x86)/MiKTeX 2.9/fonts/type1/public/amsfonts/cm/cmbx12.pfb><C
:/Program Files (x86)/MiKTeX 2.9/fonts/type1/public/amsfonts/cm/cmcsc10.pfb><C:
/Program Files (x86)/MiKTeX 2.9/fonts/type1/public/amsfonts/cm/cmex10.pfb><C:/P
rogram Files (x86)/MiKTeX 2.9/fonts/type1/public/amsfonts/cm/cmmi12.pfb><C:/Pro
gram Files (x86)/MiKTeX 2.9/fonts/type1/public/amsfonts/cm/cmmi8.pfb><C:/Progra
m Files (x86)/MiKTeX 2.9/fonts/type1/public/amsfonts/cm/cmr10.pfb><C:/Program F
iles (x86)/MiKTeX 2.9/fonts/type1/public/amsfonts/cm/cmr12.pfb><C:/Program File
s (x86)/MiKTeX 2.9/fonts/type1/public/amsfonts/cm/cmr7.pfb><C:/Program Files (x
86)/MiKTeX 2.9/fonts/type1/public/amsfonts/cm/cmr8.pfb><C:/Program Files (x86)/
MiKTeX 2.9/fonts/type1/public/amsfonts/cm/cmsy10.pfb><C:/Program Files (x86)/Mi
KTeX 2.9/fonts/type1/public/amsfonts/cm/cmsy8.pfb><C:/Program Files (x86)/MiKTe
X 2.9/fonts/type1/public/amsfonts/cm/cmti12.pfb><C:/Program Files (x86)/MiKTeX 
2.9/fonts/type1/public/amsfonts/cm/cmtt10.pfb><C:/Program Files (x86)/MiKTeX 2.
9/fonts/type1/public/amsfonts/cm/cmtt12.pfb>
Output written on main.pdf (143 pages, 9452606 bytes).
PDF statistics:
 1924 PDF objects out of 2073 (max. 8388607)
 566 named destinations out of 1000 (max. 500000)
 20608 words of extra memory for PDF output out of 20736 (max. 10000000)

